E:\GITHUB\V_20_X64\BNS_APP\DEBUG\BNS_APP.EXE.INTERMEDIATE.MANIFEST
E:\GITHUB\V_20_X64\BNS_APP\DEBUG\BNS_APP.OBJ
E:\GITHUB\V_20_X64\BNS_APP\DEBUG\BNS_APP.PCH
E:\GITHUB\V_20_X64\BNS_APP\DEBUG\BNS_APP.RES
E:\GITHUB\V_20_X64\BNS_APP\DEBUG\BNS_APPDLG.OBJ
E:\GITHUB\V_20_X64\BNS_APP\DEBUG\CDIB.OBJ
E:\GITHUB\V_20_X64\BNS_APP\DEBUG\OUT.OBJ
E:\GITHUB\V_20_X64\BNS_APP\DEBUG\STDAFX.OBJ
E:\GITHUB\V_20_X64\BNS_APP\DEBUG\VC100.PDB
E:\GITHUB\V_20_X64\BNS_APP\DEBUG\WZDSPLASH.OBJ
E:\GITHUB\V_20_X64\DEBUG\BNS_APP.EXE
E:\GITHUB\V_20_X64\DEBUG\BNS_APP.PDB
J:\v_20_x64\BNS_APP\Debug\BNS_APP.exe.intermediate.manifest
J:\v_20_x64\BNS_APP\Debug\BNS_APP.obj
J:\v_20_x64\BNS_APP\Debug\BNS_APP.pch
J:\v_20_x64\BNS_APP\Debug\BNS_APP.res
J:\v_20_x64\BNS_APP\Debug\BNS_APP.write.1.tlog
J:\v_20_x64\BNS_APP\Debug\BNS_APPDlg.obj
J:\v_20_x64\BNS_APP\Debug\cdib.obj
J:\v_20_x64\BNS_APP\Debug\cl.command.1.tlog
J:\v_20_x64\BNS_APP\Debug\CL.read.1.tlog
J:\v_20_x64\BNS_APP\Debug\CL.write.1.tlog
J:\v_20_x64\BNS_APP\Debug\link.command.1.tlog
J:\v_20_x64\BNS_APP\Debug\link.read.1.tlog
J:\v_20_x64\BNS_APP\Debug\link.write.1.tlog
J:\v_20_x64\BNS_APP\Debug\link-cvtres.read.1.tlog
J:\v_20_x64\BNS_APP\Debug\link-cvtres.write.1.tlog
J:\v_20_x64\BNS_APP\Debug\mt.command.1.tlog
J:\v_20_x64\BNS_APP\Debug\mt.read.1.tlog
J:\v_20_x64\BNS_APP\Debug\mt.write.1.tlog
J:\v_20_x64\BNS_APP\Debug\Out.obj
J:\v_20_x64\BNS_APP\Debug\rc.command.1.tlog
J:\v_20_x64\BNS_APP\Debug\rc.read.1.tlog
J:\v_20_x64\BNS_APP\Debug\rc.write.1.tlog
J:\v_20_x64\BNS_APP\Debug\stdafx.obj
J:\v_20_x64\BNS_APP\Debug\vc100.pdb
J:\v_20_x64\BNS_APP\Debug\WzdSplash.obj
J:\v_20_x64\Debug\BNS_APP.exe
J:\v_20_x64\Debug\BNS_APP.pdb
