C:\USERS\ADMINISTRATOR\DESKTOP\动态相位屏控制台_16_X64\BNS_APP\RELEASE\BNS_APP.EXE.INTERMEDIATE.MANIFEST
C:\USERS\ADMINISTRATOR\DESKTOP\动态相位屏控制台_16_X64\BNS_APP\RELEASE\BNS_APP.OBJ
C:\USERS\ADMINISTRATOR\DESKTOP\动态相位屏控制台_16_X64\BNS_APP\RELEASE\BNS_APP.RES
C:\Users\Administrator\Desktop\动态相位屏控制台_16_x64\BNS_APP\Release\BNS_APP.write.1.tlog
C:\USERS\ADMINISTRATOR\DESKTOP\动态相位屏控制台_16_X64\BNS_APP\RELEASE\BNS_APPDLG.OBJ
C:\USERS\ADMINISTRATOR\DESKTOP\动态相位屏控制台_16_X64\BNS_APP\RELEASE\BNSPCIESDK.PCH
C:\USERS\ADMINISTRATOR\DESKTOP\动态相位屏控制台_16_X64\BNS_APP\RELEASE\CDIB.OBJ
C:\Users\Administrator\Desktop\动态相位屏控制台_16_x64\BNS_APP\Release\cl.command.1.tlog
C:\Users\Administrator\Desktop\动态相位屏控制台_16_x64\BNS_APP\Release\CL.read.1.tlog
C:\Users\Administrator\Desktop\动态相位屏控制台_16_x64\BNS_APP\Release\CL.write.1.tlog
C:\Users\Administrator\Desktop\动态相位屏控制台_16_x64\BNS_APP\Release\link.command.1.tlog
C:\Users\Administrator\Desktop\动态相位屏控制台_16_x64\BNS_APP\Release\link.read.1.tlog
C:\Users\Administrator\Desktop\动态相位屏控制台_16_x64\BNS_APP\Release\link.write.1.tlog
C:\Users\Administrator\Desktop\动态相位屏控制台_16_x64\BNS_APP\Release\link-cvtres.read.1.tlog
C:\Users\Administrator\Desktop\动态相位屏控制台_16_x64\BNS_APP\Release\link-cvtres.write.1.tlog
C:\Users\Administrator\Desktop\动态相位屏控制台_16_x64\BNS_APP\Release\mt.command.1.tlog
C:\Users\Administrator\Desktop\动态相位屏控制台_16_x64\BNS_APP\Release\mt.read.1.tlog
C:\Users\Administrator\Desktop\动态相位屏控制台_16_x64\BNS_APP\Release\mt.write.1.tlog
C:\USERS\ADMINISTRATOR\DESKTOP\动态相位屏控制台_16_X64\BNS_APP\RELEASE\OUT.OBJ
C:\Users\Administrator\Desktop\动态相位屏控制台_16_x64\BNS_APP\Release\rc.command.1.tlog
C:\Users\Administrator\Desktop\动态相位屏控制台_16_x64\BNS_APP\Release\rc.read.1.tlog
C:\Users\Administrator\Desktop\动态相位屏控制台_16_x64\BNS_APP\Release\rc.write.1.tlog
C:\USERS\ADMINISTRATOR\DESKTOP\动态相位屏控制台_16_X64\BNS_APP\RELEASE\STDAFX.OBJ
C:\USERS\ADMINISTRATOR\DESKTOP\动态相位屏控制台_16_X64\BNS_APP\RELEASE\WZDSPLASH.OBJ
C:\USERS\ADMINISTRATOR\DESKTOP\动态相位屏控制台_16_X64\RELEASE\BNS_APP.EXE
