生成启动时间为 2016/1/22 19:58:02。
     1>项目“C:\Users\Administrator\Desktop\动态相位屏控制台_16_x64\BNS_APP\BNS_APP.vcxproj”在节点 2 上(rebuild 个目标)。
     1>_PrepareForClean:
         正在删除文件“Release\BNS_APP.lastbuildstate”。
       InitializeBuildStatus:
         正在创建“Release\BNS_APP.unsuccessfulbuild”，因为已指定“AlwaysCreate”。
       ClCompile:
         D:\Program Files (x86)\Microsoft Visual Studio 10.0\VC\bin\x86_amd64\CL.exe /c /nologo /W3 /WX- /O2 /Ob1 /D WIN32 /D _WINDOWS /D NDEBUG /D _MBCS /D _AFXDLL /GF /Gm- /EHsc /MD /GS /Gy /fp:precise /Zc:wchar_t /Zc:forScope /Yc"stdafx.h" /Fp".\Release/BNSPCIeSDK.pch" /Fo"Release\\" /Fd"Release\vc100.pdb" /Gd /TP /errorReport:prompt stdafx.cpp
         stdafx.cpp
         D:\Program Files (x86)\Microsoft Visual Studio 10.0\VC\bin\x86_amd64\CL.exe /c /nologo /W3 /WX- /O2 /Ob1 /D WIN32 /D _WINDOWS /D NDEBUG /D _MBCS /D _AFXDLL /GF /Gm- /EHsc /MD /GS /Gy /fp:precise /Zc:wchar_t /Zc:forScope /Fo"Release\\" /Fd"Release\vc100.pdb" /Gd /TP /errorReport:prompt BNS_APP.cpp BNS_APPDlg.cpp cdib.cpp Out.cpp WzdSplash.cpp
         BNS_APP.cpp
         BNS_APPDlg.cpp
     1>BNS_APPDlg.cpp(280): warning C4244: “=”: 从“ULONGLONG”转换到“int”，可能丢失数据
     1>BNS_APPDlg.cpp(399): warning C4244: “=”: 从“double”转换到“float”，可能丢失数据
     1>BNS_APPDlg.cpp(911): warning C4996: 'fopen': This function or variable may be unsafe. Consider using fopen_s instead. To disable deprecation, use _CRT_SECURE_NO_WARNINGS. See online help for details.
                 D:\Program Files (x86)\Microsoft Visual Studio 10.0\VC\include\stdio.h(234) : 参见“fopen”的声明
     1>BNS_APPDlg.cpp(917): warning C4996: 'fscanf': This function or variable may be unsafe. Consider using fscanf_s instead. To disable deprecation, use _CRT_SECURE_NO_WARNINGS. See online help for details.
                 D:\Program Files (x86)\Microsoft Visual Studio 10.0\VC\include\stdio.h(253) : 参见“fscanf”的声明
     1>BNS_APPDlg.cpp(1087): warning C4101: “pBits”: 未引用的局部变量
     1>BNS_APPDlg.cpp(1088): warning C4101: “hBitmap”: 未引用的局部变量
     1>BNS_APPDlg.cpp(1277): warning C4244: “参数”: 从“double”转换到“int”，可能丢失数据
     1>BNS_APPDlg.cpp(1282): warning C4244: “参数”: 从“double”转换到“int”，可能丢失数据
     1>BNS_APPDlg.cpp(1287): warning C4244: “参数”: 从“double”转换到“int”，可能丢失数据
     1>BNS_APPDlg.cpp(1287): warning C4244: “参数”: 从“double”转换到“int”，可能丢失数据
     1>BNS_APPDlg.cpp(1293): warning C4244: “参数”: 从“double”转换到“int”，可能丢失数据
     1>BNS_APPDlg.cpp(1293): warning C4244: “参数”: 从“double”转换到“int”，可能丢失数据
     1>BNS_APPDlg.cpp(1330): warning C4244: “参数”: 从“double”转换到“int”，可能丢失数据
     1>BNS_APPDlg.cpp(1336): warning C4244: “参数”: 从“double”转换到“int”，可能丢失数据
     1>BNS_APPDlg.cpp(1341): warning C4244: “参数”: 从“double”转换到“int”，可能丢失数据
     1>BNS_APPDlg.cpp(1341): warning C4244: “参数”: 从“double”转换到“int”，可能丢失数据
     1>BNS_APPDlg.cpp(1347): warning C4244: “参数”: 从“double”转换到“int”，可能丢失数据
     1>BNS_APPDlg.cpp(1347): warning C4244: “参数”: 从“double”转换到“int”，可能丢失数据
     1>BNS_APPDlg.cpp(1606): warning C4244: “=”: 从“double”转换到“float”，可能丢失数据
     1>BNS_APPDlg.cpp(2089): warning C4244: “=”: 从“double”转换到“int”，可能丢失数据
     1>BNS_APPDlg.cpp(2090): warning C4244: “=”: 从“double”转换到“int”，可能丢失数据
     1>BNS_APPDlg.cpp(2141): warning C4244: “=”: 从“double”转换到“int”，可能丢失数据
     1>BNS_APPDlg.cpp(2150): warning C4244: “=”: 从“double”转换到“int”，可能丢失数据
     1>BNS_APPDlg.cpp(2290): warning C4996: '_splitpath': This function or variable may be unsafe. Consider using _splitpath_s instead. To disable deprecation, use _CRT_SECURE_NO_WARNINGS. See online help for details.
                 D:\Program Files (x86)\Microsoft Visual Studio 10.0\VC\include\stdlib.h(791) : 参见“_splitpath”的声明
     1>BNS_APPDlg.cpp(2414): warning C4244: “初始化”: 从“double”转换到“float”，可能丢失数据
     1>BNS_APPDlg.cpp(2415): warning C4244: “初始化”: 从“double”转换到“float”，可能丢失数据
     1>BNS_APPDlg.cpp(2465): warning C4800: “int”: 将值强制为布尔值“true”或“false”(性能警告)
         cdib.cpp
         Out.cpp
         WzdSplash.cpp
         Generating Code...
       ResourceCompile:
         C:\Program Files (x86)\Microsoft SDKs\Windows\v7.0A\bin\rc.exe /D NDEBUG /D _AFXDLL /l"0x0804" /IRelease\ /nologo /fo"Release\BNS_APP.res" BNS_APP.rc 
       Link:
         D:\Program Files (x86)\Microsoft Visual Studio 10.0\VC\bin\x86_amd64\link.exe /ERRORREPORT:PROMPT /OUT:"C:\Users\Administrator\Desktop\动态相位屏控制台_16_x64\Release\BNS_APP.exe" /INCREMENTAL:NO /NOLOGO /LIBPATH:"C:\Users\Administrator\Desktop\动态相位屏控制台_16_x64\BNS_APP\BNSPCIeBoard\Debug64" /LIBPATH:"C:\Users\Administrator\Desktop\动态相位屏控制台_16_x64\BNS_APP\FFTW\Debug64" BNSPCIeBoard.lib "libfftw3-3.lib" "libfftw3f-3.lib" "libfftw3l-3.lib" /MANIFEST /ManifestFile:"Release\BNS_APP.exe.intermediate.manifest" /MANIFESTUAC:"level='asInvoker' uiAccess='false'" /PDB:"C:\Users\Administrator\Desktop\动态相位屏控制台_16_x64\Release\BNS_APP.pdb" /SUBSYSTEM:WINDOWS /TLBID:1 /DYNAMICBASE /NXCOMPAT /IMPLIB:"C:\Users\Administrator\Desktop\动态相位屏控制台_16_x64\Release\BNS_APP.lib" /MACHINE:X64 Release\BNS_APP.res
         Release\BNS_APP.obj
         Release\BNS_APPDlg.obj
         Release\cdib.obj
         Release\Out.obj
         Release\stdafx.obj
         Release\WzdSplash.obj
         BNS_APP.vcxproj -> C:\Users\Administrator\Desktop\动态相位屏控制台_16_x64\Release\BNS_APP.exe
       Manifest:
         C:\Program Files (x86)\Microsoft SDKs\Windows\v7.0A\bin\mt.exe /nologo /verbose /outputresource:"C:\Users\Administrator\Desktop\动态相位屏控制台_16_x64\Release\BNS_APP.exe;#1" /manifest Release\BNS_APP.exe.intermediate.manifest "D:\Program Files (x86)\Microsoft Visual Studio 10.0\VC\Include\Manifest\dpiaware.manifest"
       FinalizeBuildStatus:
         正在删除文件“Release\BNS_APP.unsuccessfulbuild”。
         正在对“Release\BNS_APP.lastbuildstate”执行 Touch 任务。
     1>已完成生成项目“C:\Users\Administrator\Desktop\动态相位屏控制台_16_x64\BNS_APP\BNS_APP.vcxproj”(rebuild 个目标)的操作。

生成成功。

已用时间 00:00:08.45
